<?xml version="1.0" encoding="UTF-8"?>
<testng-results skipped="0" failed="0" ignored="0" total="1" passed="1">
  <reporter-output>
  </reporter-output>
  <suite name="extentreprotsuite" duration-ms="42197" started-at="2020-06-29T18:00:03Z" finished-at="2020-06-29T18:00:45Z">
    <groups>
    </groups>
    <test name="logintest" duration-ms="42197" started-at="2020-06-29T18:00:03Z" finished-at="2020-06-29T18:00:45Z">
      <class name="reporting.logintest">
        <test-method status="PASS" signature="setup()[pri:0, instance:reporting.logintest@77cd7a0]" name="setup" is-config="true" duration-ms="7580" started-at="2020-06-29T18:00:03Z" finished-at="2020-06-29T18:00:11Z">
          <reporter-output>
          </reporter-output>
        </test-method> <!-- setup -->
        <test-method status="PASS" signature="loginTest()[pri:0, instance:reporting.logintest@77cd7a0]" name="loginTest" duration-ms="32852" started-at="2020-06-29T18:00:11Z" finished-at="2020-06-29T18:00:44Z">
          <reporter-output>
          </reporter-output>
        </test-method> <!-- loginTest -->
        <test-method status="PASS" signature="captureScreen(org.testng.ITestResult)[pri:0, instance:reporting.logintest@77cd7a0]" name="captureScreen" is-config="true" duration-ms="33" started-at="2020-06-29T18:00:44Z" finished-at="2020-06-29T18:00:44Z">
          <params>
            <param index="0">
              <value>
                <![CDATA[[TestResult name=loginTest status=SUCCESS method=logintest.loginTest()[pri:0, instance:reporting.logintest@77cd7a0] output={null}]]]>
              </value>
            </param>
          </params>
          <reporter-output>
          </reporter-output>
        </test-method> <!-- captureScreen -->
        <test-method status="PASS" signature="closeBrowser()[pri:0, instance:reporting.logintest@77cd7a0]" name="closeBrowser" is-config="true" duration-ms="927" started-at="2020-06-29T18:00:44Z" finished-at="2020-06-29T18:00:45Z">
          <reporter-output>
          </reporter-output>
        </test-method> <!-- closeBrowser -->
      </class> <!-- reporting.logintest -->
    </test> <!-- logintest -->
  </suite> <!-- extentreprotsuite -->
</testng-results>
